[debug] [2018-11-15T22:02:49.029Z] ----------------------------------------------------------------------
[debug] [2018-11-15T22:02:49.033Z] Command:       /usr/local/bin/node /usr/local/bin/firebase init
[debug] [2018-11-15T22:02:49.033Z] CLI Version:   5.1.1
[debug] [2018-11-15T22:02:49.033Z] Platform:      darwin
[debug] [2018-11-15T22:02:49.033Z] Node Version:  v8.10.0
[debug] [2018-11-15T22:02:49.034Z] Time:          Thu Nov 15 2018 14:02:49 GMT-0800 (PST)
[debug] [2018-11-15T22:02:49.034Z] ----------------------------------------------------------------------
[debug] 
[debug] [2018-11-15T22:02:49.052Z] > command requires scopes: ["email","openid","https://www.googleapis.com/auth/cloudplatformprojects.readonly","https://www.googleapis.com/auth/firebase","https://www.googleapis.com/auth/cloud-platform"]
[debug] [2018-11-15T22:02:49.052Z] > authorizing via signed-in user
[info] 
     🔥🔥🔥🔥🔥🔥🔥🔥 🔥🔥🔥🔥 🔥🔥🔥🔥🔥🔥🔥🔥  🔥🔥🔥🔥🔥🔥🔥🔥 🔥🔥🔥🔥🔥🔥🔥🔥     🔥🔥🔥     🔥🔥🔥🔥🔥🔥  🔥🔥🔥🔥🔥🔥🔥🔥
     🔥🔥        🔥🔥  🔥🔥     🔥🔥 🔥🔥       🔥🔥     🔥🔥  🔥🔥   🔥🔥  🔥🔥       🔥🔥
     🔥🔥🔥🔥🔥🔥    🔥🔥  🔥🔥🔥🔥🔥🔥🔥🔥  🔥🔥🔥🔥🔥🔥   🔥🔥🔥🔥🔥🔥🔥🔥  🔥🔥🔥🔥🔥🔥🔥🔥🔥  🔥🔥🔥🔥🔥🔥  🔥🔥🔥🔥🔥🔥
     🔥🔥        🔥🔥  🔥🔥    🔥🔥  🔥🔥       🔥🔥     🔥🔥 🔥🔥     🔥🔥       🔥🔥 🔥🔥
     🔥🔥       🔥🔥🔥🔥 🔥🔥     🔥🔥 🔥🔥🔥🔥🔥🔥🔥🔥 🔥🔥🔥🔥🔥🔥🔥🔥  🔥🔥     🔥🔥  🔥🔥🔥🔥🔥🔥  🔥🔥🔥🔥🔥🔥🔥🔥

You're about to initialize a Firebase project in this directory:

  /Users/vinaykp/react/deploy/client-manager

Before we get started, keep in mind:

  * You are initializing in an existing Firebase project directory

[info] 
=== Project Setup
[info] 
[info] First, let's associate this project directory with a Firebase project.
[info] You can create multiple project aliases by running firebase use --add, 
[info] but for now we'll just set up a default project.
[info] 
[debug] [2018-11-15T22:03:28.521Z] >>> HTTP REQUEST GET https://firebase.googleapis.com/v1beta1/projects/react-client-panel-329e6  
 
[debug] [2018-11-15T22:03:28.805Z] <<< HTTP RESPONSE 200
[info] i  Using project react-client-panel-329e6 (react-client-panel)
[info] 
=== Firestore Setup
[debug] [2018-11-15T22:03:28.829Z] > command requires scopes: ["email","openid","https://www.googleapis.com/auth/cloudplatformprojects.readonly","https://www.googleapis.com/auth/firebase","https://www.googleapis.com/auth/cloud-platform"]
[debug] [2018-11-15T22:03:28.829Z] > authorizing via signed-in user
[debug] [2018-11-15T22:03:28.830Z] >>> HTTP REQUEST GET https://firebase.googleapis.com/v1beta1/projects/react-client-panel-329e6  
 
[debug] [2018-11-15T22:03:28.957Z] <<< HTTP RESPONSE 200
[info] 
[info] Firestore Security Rules allow you to define how and when to allow
[info] requests. You can keep these rules in your project directory
[info] and publish them with firebase deploy.
[info] 
